<?xml version="1.0" encoding="UTF-8"?>
<!-- Generated by org.testng.reporters.JUnitXMLReporter -->
<testsuite ignored="5" hostname="LTIN452093" failures="0" tests="0" time="0.011" errors="0" timestamp="2025-07-05T00:56:49 IST">
  <testcase classname="TestingAll.Loginpage" name="Name4" time="0.0">
    <ignored/>
  </testcase> <!-- Name4 -->
  <testcase classname="TestingAll.Loginpage" name="Name3" time="0.0">
    <ignored/>
  </testcase> <!-- Name3 -->
  <testcase classname="TestingAll.Loginpage" name="Name5" time="0.0">
    <ignored/>
  </testcase> <!-- Name5 -->
  <testcase classname="TestingAll.Loginpage" name="Name2" time="0.0">
    <ignored/>
  </testcase> <!-- Name2 -->
  <testcase classname="TestingAll.Loginpage" name="Name1" time="0.0">
    <ignored/>
  </testcase> <!-- Name1 -->
</testsuite>
