<?xml version="1.0" encoding="UTF-8"?>
<testng-results ignored="0" total="1" passed="1" failed="0" skipped="0">
  <reporter-output>
  </reporter-output>
  <suite started-at="2026-07-17T00:54:19 IST" name="Default suite" finished-at="2026-07-17T00:54:52 IST" duration-ms="32338">
    <groups>
    </groups>
    <test started-at="2026-07-17T00:54:19 IST" name="Default test" finished-at="2026-07-17T00:54:52 IST" duration-ms="32338">
      <class name="learning_selenium.ebay_suggestion_box">
        <test-method signature="test()[pri:0, instance:learning_selenium.ebay_suggestion_box@327514f]" started-at="2026-07-17T00:54:19 IST" name="test" finished-at="2026-07-17T00:54:52 IST" duration-ms="32251" status="PASS">
          <reporter-output>
          </reporter-output>
        </test-method> <!-- test -->
      </class> <!-- learning_selenium.ebay_suggestion_box -->
    </test> <!-- Default test -->
  </suite> <!-- Default suite -->
</testng-results>
