<?xml version="1.0" encoding="UTF-8"?>
<testng-results ignored="0" total="1" passed="1" failed="0" skipped="0">
  <reporter-output>
  </reporter-output>
  <suite started-at="2025-08-26T13:36:01 IST" name="Default suite" finished-at="2025-08-26T13:36:12 IST" duration-ms="10923">
    <groups>
    </groups>
    <test started-at="2025-08-26T13:36:01 IST" name="Default test" finished-at="2025-08-26T13:36:12 IST" duration-ms="10923">
      <class name="action.Svgelement">
        <test-method signature="method1()[pri:0, instance:action.Svgelement@1d296da]" started-at="2025-08-26T13:36:01 IST" name="method1" finished-at="2025-08-26T13:36:12 IST" duration-ms="10856" status="PASS">
          <reporter-output>
          </reporter-output>
        </test-method> <!-- method1 -->
      </class> <!-- action.Svgelement -->
    </test> <!-- Default test -->
  </suite> <!-- Default suite -->
</testng-results>
